<?xml version="1.0" encoding="UTF-8"?>
<!-- Generated by org.testng.reporters.JUnitReportReporter -->
<testsuite hostname="prarsaxe-9Z3KM94" failures="0" tests="1" name="HandlingScroll.ScrollDemo" time="12.746" errors="0" timestamp="2025-07-28T14:48:00 IST" skipped="0">
  <testcase classname="HandlingScroll.ScrollDemo" name="Test" time="12.746"/>
</testsuite> <!-- HandlingScroll.ScrollDemo -->
