<?xml version="1.0" encoding="UTF-8"?>
<!-- Generated by org.testng.reporters.JUnitReportReporter -->
<testsuite hostname="prarsaxe-9Z3KM94" failures="0" tests="1" name="ReadExcelData.DDTCaseStudy" time="51.547" errors="0" timestamp="2025-07-28T12:52:07 IST" skipped="0">
  <testcase classname="ReadExcelData.DDTCaseStudy" name="locatorsTestingBlog" time="51.547"/>
</testsuite> <!-- ReadExcelData.DDTCaseStudy -->
