<?xml version="1.0" encoding="UTF-8"?>
<!-- Generated by org.testng.reporters.JUnitReportReporter -->
<testsuite hostname="prarsaxe-9Z3KM94" failures="0" tests="1" name="ReadExcelData.UpdatePassed" time="17.998" errors="0" timestamp="2025-07-28T12:54:40 IST" skipped="0">
  <testcase classname="ReadExcelData.UpdatePassed" name="locatorsTestingBlog" time="17.998"/>
</testsuite> <!-- ReadExcelData.UpdatePassed -->
