<?xml version="1.0" encoding="UTF-8"?>
<!-- Generated by org.testng.reporters.JUnitReportReporter -->
<testsuite hostname="prarsaxe-9Z3KM94" failures="0" tests="1" name="locatorsDemo.DemoID" time="12.557" errors="0" timestamp="2025-07-25T12:23:57 IST" skipped="0">
  <testcase classname="locatorsDemo.DemoID" name="DemoTestID" time="12.557"/>
</testsuite> <!-- locatorsDemo.DemoID -->
