<?xml version="1.0" encoding="UTF-8"?>
<!-- Generated by org.testng.reporters.JUnitReportReporter -->
<testsuite hostname="prarsaxe-9Z3KM94" failures="0" tests="1" name="com.dropdown.FacebookMonthList1" time="5.942" errors="0" timestamp="2025-07-25T15:39:51 IST" skipped="0">
  <testcase classname="com.dropdown.FacebookMonthList1" name="FaceBookMonth" time="5.942"/>
</testsuite> <!-- com.dropdown.FacebookMonthList1 -->
