<?xml version="1.0" encoding="UTF-8"?>
<!-- Generated by org.testng.reporters.JUnitReportReporter -->
<testsuite hostname="prarsaxe-9Z3KM94" failures="0" tests="1" name="com.dropdown.Facebook" time="24.384" errors="0" timestamp="2025-07-25T15:26:02 IST" skipped="0">
  <testcase classname="com.dropdown.Facebook" name="Fblaunch" time="24.384"/>
</testsuite> <!-- com.dropdown.Facebook -->
