<?xml version="1.0" encoding="UTF-8"?>
<!-- Generated by org.testng.reporters.JUnitReportReporter -->
<testsuite hostname="prarsaxe-9Z3KM94" failures="0" tests="1" name="com.screenshotdemo.TestScreenShots" time="5.481" errors="0" timestamp="2025-07-28T14:21:17 IST" skipped="0">
  <testcase classname="com.screenshotdemo.TestScreenShots" name="Browser" time="5.481"/>
</testsuite> <!-- com.screenshotdemo.TestScreenShots -->
