<?xml version="1.0" encoding="UTF-8"?>
<!-- Generated by org.testng.reporters.JUnitReportReporter -->
<testsuite hostname="prarsaxe-9Z3KM94" failures="0" tests="1" name="com.screenshotdemo.TestScreenShots1" time="12.493" errors="0" timestamp="2025-07-28T14:34:06 IST" skipped="0">
  <testcase classname="com.screenshotdemo.TestScreenShots1" name="Browser" time="12.493"/>
</testsuite> <!-- com.screenshotdemo.TestScreenShots1 -->
