<?xml version="1.0" encoding="UTF-8"?>
<!-- Generated by org.testng.reporters.JUnitReportReporter -->
<testsuite hostname="prarsaxe-9Z3KM94" failures="0" tests="1" name="com.radiobutton.RadioButton" time="20.578" errors="0" timestamp="2025-07-28T10:16:16 IST" skipped="0">
  <testcase classname="com.radiobutton.RadioButton" name="TestRadioBtn" time="20.578"/>
</testsuite> <!-- com.radiobutton.RadioButton -->
