<?xml version="1.0" encoding="UTF-8"?>
<!-- Generated by org.testng.reporters.JUnitReportReporter -->
<testsuite hostname="prarsaxe-9Z3KM94" failures="0" tests="1" name="com.radiobutton.Easetrip" time="22.473" errors="0" timestamp="2025-07-28T10:31:58 IST" skipped="0">
  <testcase classname="com.radiobutton.Easetrip" name="TestRadioBtn" time="22.473"/>
</testsuite> <!-- com.radiobutton.Easetrip -->
